<?xml version="1.0" encoding="UTF-8"?>
<!-- Generated by org.testng.reporters.JUnitXMLReporter -->
<testsuite ignored="0" hostname="LAPTOP-FS7DMKT8" failures="0" tests="2" name="Test" time="52.383" errors="0" timestamp="2022-08-05T16:39:31 IST">
  <testcase classname="com.com.Vtiger.ContactTest.CreateContactVtigerTest" name="createContactVtiger" time="26.221"/>
  <testcase classname="com.com.Vtiger.Organisation.CreateOrganationTest" name="createOrganationTest" time="26.093"/>
</testsuite> <!-- Test -->
