<?xml version="1.0" encoding="UTF-8"?>
<!-- Generated by org.testng.reporters.JUnitXMLReporter -->
<testsuite ignored="0" hostname="LAPTOP-FS7DMKT8" failures="0" tests="2" name="TestRunner2" time="78.866" errors="0" timestamp="2022-08-05T16:33:45 IST">
  <testcase classname="com.com.Vtiger.ContactTest.CreateContactVtigerTest" name="createContactVtiger" time="35.529"/>
  <testcase classname="com.com.Vtiger.Organisation.CreateOrganationTest" name="createOrganationTest" time="43.272"/>
</testsuite> <!-- TestRunner2 -->
