<?xml version="1.0" encoding="UTF-8"?>
<testng-results ignored="0" total="1" passed="1" failed="0" skipped="0">
  <reporter-output>
  </reporter-output>
  <suite started-at="2022-11-03T15:32:15 IST" name="Default suite" finished-at="2022-11-03T15:33:26 IST" duration-ms="71952">
    <groups>
    </groups>
    <test started-at="2022-11-03T15:32:15 IST" name="Default test" finished-at="2022-11-03T15:33:26 IST" duration-ms="71952">
      <class name="xpathWithFlipkart.ICCCountryRatings">
        <test-method signature="ICCRanking(java.lang.String)[pri:0, instance:xpathWithFlipkart.ICCCountryRatings@32502377]" started-at="2022-11-03T15:32:16 IST" name="ICCRanking" data-provider="get" finished-at="2022-11-03T15:33:26 IST" duration-ms="70590" status="PASS">
          <params>
            <param index="0">
              <value>
                <![CDATA[India]]>
              </value>
            </param>
          </params>
          <reporter-output>
          </reporter-output>
        </test-method> <!-- ICCRanking -->
      </class> <!-- xpathWithFlipkart.ICCCountryRatings -->
    </test> <!-- Default test -->
  </suite> <!-- Default suite -->
</testng-results>
